

Processing ApplicationController#index (for 127.0.0.1 at 2009-09-24 00:50:06) [GET]

NameError (uninitialized constant AddressController):
  

Rendered rescues/_trace (231.9ms)
Rendered rescues/_request_and_response (4.3ms)
Rendering rescues/layout (internal_server_error)


Processing AddressesController#index (for 127.0.0.1 at 2009-09-24 00:50:42) [GET]
  [4;36;1mAddress Load (0.0ms)[0m   [0;1mSQLite3::SQLException: no such table: addresses: SELECT * FROM "addresses" [0m

ActiveRecord::StatementInvalid (SQLite3::SQLException: no such table: addresses: SELECT * FROM "addresses" ):
  app/controllers/addresses_controller.rb:5:in `index'

Rendered rescues/_trace (187.0ms)
Rendered rescues/_request_and_response (0.8ms)
Rendering rescues/layout (internal_server_error)
  [4;36;1mSQL (0.9ms)[0m   [0;1m SELECT name
 FROM sqlite_master
 WHERE type = 'table' AND NOT name = 'sqlite_sequence'
[0m
  [4;35;1mSQL (0.6ms)[0m   [0mselect sqlite_version(*)[0m
  [4;36;1mSQL (8.7ms)[0m   [0;1mCREATE TABLE "schema_migrations" ("version" varchar(255) NOT NULL) [0m
  [4;35;1mSQL (3.8ms)[0m   [0mCREATE UNIQUE INDEX "unique_schema_migrations" ON "schema_migrations" ("version")[0m
  [4;36;1mSQL (0.7ms)[0m   [0;1m SELECT name
 FROM sqlite_master
 WHERE type = 'table' AND NOT name = 'sqlite_sequence'
[0m
  [4;35;1mSQL (0.4ms)[0m   [0mSELECT version FROM schema_migrations[0m
Migrating to CreateAddresses (20090924044359)
  [4;36;1mSQL (1.3ms)[0m   [0;1mCREATE TABLE "addresses" ("id" INTEGER PRIMARY KEY AUTOINCREMENT NOT NULL, "street_line_1" varchar(255), "stree_line_2" varchar(255), "city" varchar(255), "state" varchar(255), "zip" varchar(255), "lat" varchar(255), "long" varchar(255), "created_at" datetime, "updated_at" datetime) [0m
  [4;35;1mSQL (0.5ms)[0m   [0mINSERT INTO schema_migrations (version) VALUES ('20090924044359')[0m
  [4;36;1mSQL (0.8ms)[0m   [0;1m SELECT name
 FROM sqlite_master
 WHERE type = 'table' AND NOT name = 'sqlite_sequence'
[0m
  [4;35;1mSQL (0.6ms)[0m   [0mSELECT version FROM schema_migrations[0m
  [4;36;1mSQL (0.7ms)[0m   [0;1m SELECT name
 FROM sqlite_master
 WHERE type = 'table' AND NOT name = 'sqlite_sequence'
[0m
  [4;35;1mSQL (0.3ms)[0m   [0mPRAGMA index_list("addresses")[0m


Processing AddressesController#index (for 127.0.0.1 at 2009-09-24 00:51:03) [GET]
  [4;35;1mAddress Load (1.2ms)[0m   [0mSELECT * FROM "addresses" [0m
Rendering template within layouts/addresses
Rendering addresses/index
Completed in 146ms (View: 34, DB: 1) | 200 OK [http://localhost/]


Processing AddressesController#index (for 127.0.0.1 at 2009-09-24 00:52:03) [GET]
  [4;36;1mAddress Load (1.0ms)[0m   [0;1mSELECT * FROM "addresses" [0m
Rendering template within layouts/addresses
Rendering addresses/index
Completed in 22ms (View: 4, DB: 1) | 200 OK [http://localhost/]


Processing AddressesController#index (for 127.0.0.1 at 2009-09-24 00:52:52) [GET]
  [4;35;1mAddress Load (1.0ms)[0m   [0mSELECT * FROM "addresses" [0m
Rendering template within layouts/addresses
Rendering addresses/index
Completed in 45ms (View: 14, DB: 1) | 200 OK [http://localhost/]


Processing AddressesController#index (for 127.0.0.1 at 2009-09-24 00:52:54) [GET]
  [4;36;1mAddress Load (1.4ms)[0m   [0;1mSELECT * FROM "addresses" [0m
Rendering template within layouts/addresses
Rendering addresses/index
Completed in 30ms (View: 5, DB: 1) | 200 OK [http://localhost/]


Processing AddressesController#index (for 127.0.0.1 at 2009-09-24 00:55:33) [GET]
  [4;35;1mAddress Load (1.7ms)[0m   [0mSELECT * FROM "addresses" [0m
Rendering template within layouts/addresses
Rendering addresses/index
Completed in 49ms (View: 15, DB: 2) | 200 OK [http://localhost/]


Processing AddressesController#index (for 127.0.0.1 at 2009-09-24 00:58:29) [GET]
  [4;36;1mAddress Load (1.0ms)[0m   [0;1mSELECT * FROM "addresses" [0m
Rendering template within layouts/addresses
Rendering addresses/index
Completed in 36ms (View: 14, DB: 1) | 200 OK [http://localhost/]


Processing AddressesController#index (for 127.0.0.1 at 2009-09-24 00:58:55) [GET]
  [4;35;1mAddress Load (1.0ms)[0m   [0mSELECT * FROM "addresses" [0m
Rendering template within layouts/addresses
Rendering addresses/index

ActionView::TemplateError (undefined method `javascript_link_tag' for #<ActionView::Base:0xb7a9cc18>) on line #10 of app/views/layouts/addresses.html.erb:
7:   <meta name="viewport" content="initial-scale=1.0, user-scalable=no" />
8:   <title>Addresses: <%= controller.action_name %></title>
9:   <%= stylesheet_link_tag 'scaffold' %>
10:   <%= javascript_link_tag :all %>
11:   <script type="text/javascript" src="http://maps.google.com/maps/api/js?sensor=false"></script>
12:   <script type="text/javascript">
13:     function initialize() {

    app/views/layouts/addresses.html.erb:10
    app/controllers/addresses_controller.rb:7:in `index'

Rendered rescues/_trace (196.3ms)
Rendered rescues/_request_and_response (1.3ms)
Rendering rescues/layout (internal_server_error)


Processing AddressesController#index (for 127.0.0.1 at 2009-09-24 00:59:17) [GET]
  [4;36;1mAddress Load (1.0ms)[0m   [0;1mSELECT * FROM "addresses" [0m
Rendering template within layouts/addresses
Rendering addresses/index
Completed in 34ms (View: 15, DB: 1) | 200 OK [http://localhost/]


Processing AddressesController#index (for 127.0.0.1 at 2009-09-24 00:59:19) [GET]
  [4;35;1mAddress Load (0.9ms)[0m   [0mSELECT * FROM "addresses" [0m
Rendering template within layouts/addresses
Rendering addresses/index
Completed in 22ms (View: 6, DB: 1) | 200 OK [http://localhost/]


Processing AddressesController#index (for 127.0.0.1 at 2009-09-24 01:00:01) [GET]
  [4;36;1mAddress Load (1.4ms)[0m   [0;1mSELECT * FROM "addresses" [0m
Rendering template within layouts/addresses
Rendering addresses/index
Completed in 74ms (View: 39, DB: 1) | 200 OK [http://localhost/]


Processing AddressesController#index (for 127.0.0.1 at 2009-09-24 01:00:06) [GET]
  [4;35;1mAddress Load (1.0ms)[0m   [0mSELECT * FROM "addresses" [0m
Rendering template within layouts/addresses
Rendering addresses/index
Completed in 25ms (View: 6, DB: 1) | 200 OK [http://localhost/]


Processing AddressesController#show (for 127.0.0.1 at 2009-09-24 01:00:13) [GET]
  Parameters: {"id"=>"index"}
  [4;36;1mAddress Load (0.5ms)[0m   [0;1mSELECT * FROM "addresses" WHERE ("addresses"."id" = 0) [0m

ActiveRecord::RecordNotFound (Couldn't find Address with ID=index):
  app/controllers/addresses_controller.rb:16:in `show'

Rendered rescues/_trace (145.0ms)
Rendered rescues/_request_and_response (0.8ms)
Rendering rescues/layout (not_found)


Processing AddressesController#index (for 127.0.0.1 at 2009-09-24 01:00:20) [GET]
  [4;35;1mAddress Load (1.1ms)[0m   [0mSELECT * FROM "addresses" [0m
Rendering template within layouts/addresses
Rendering addresses/index
Completed in 30ms (View: 5, DB: 1) | 200 OK [http://localhost/addresses]


Processing AddressesController#index (for 127.0.0.1 at 2009-09-24 01:01:29) [GET]
  [4;36;1mAddress Load (1.0ms)[0m   [0;1mSELECT * FROM "addresses" [0m
Rendering template within layouts/addresses
Rendering addresses/index
Completed in 43ms (View: 18, DB: 1) | 200 OK [http://localhost/addresses]


Processing AddressesController#index (for 127.0.0.1 at 2009-09-24 01:01:48) [GET]
  [4;35;1mAddress Load (1.0ms)[0m   [0mSELECT * FROM "addresses" [0m
Rendering template within layouts/addresses
Rendering addresses/index
Completed in 30ms (View: 14, DB: 1) | 200 OK [http://localhost/addresses]


Processing AddressesController#index (for 127.0.0.1 at 2009-09-24 01:02:38) [GET]
  [4;36;1mAddress Load (1.1ms)[0m   [0;1mSELECT * FROM "addresses" [0m
Rendering template within layouts/addresses
Rendering addresses/index
Completed in 34ms (View: 13, DB: 1) | 200 OK [http://localhost/addresses]


Processing AddressesController#index (for 127.0.0.1 at 2009-09-24 01:02:52) [GET]
  [4;35;1mAddress Load (2.0ms)[0m   [0mSELECT * FROM "addresses" [0m
Rendering template within layouts/addresses
Rendering addresses/index
Completed in 146ms (View: 111, DB: 2) | 200 OK [http://localhost/addresses]


Processing AddressesController#index (for 127.0.0.1 at 2009-09-24 01:03:02) [GET]
  [4;36;1mAddress Load (1.0ms)[0m   [0;1mSELECT * FROM "addresses" [0m
Rendering template within layouts/addresses
Rendering addresses/index
Completed in 46ms (View: 13, DB: 1) | 200 OK [http://localhost/addresses]


Processing AddressesController#index (for 127.0.0.1 at 2009-09-24 01:05:43) [GET]
  [4;35;1mAddress Load (1.1ms)[0m   [0mSELECT * FROM "addresses" [0m
Rendering template within layouts/addresses
Rendering addresses/index
Completed in 43ms (View: 21, DB: 1) | 200 OK [http://localhost/addresses]


Processing ApplicationController#index (for 127.0.0.1 at 2009-09-24 01:05:44) [GET]

ActionController::RoutingError (No route matches "/images/beachflag.png" with {:method=>:get}):
  

Rendering rescues/layout (not_found)


Processing ApplicationController#index (for 127.0.0.1 at 2009-09-24 01:05:44) [GET]

ActionController::RoutingError (No route matches "/images/beachflag_shadow.png" with {:method=>:get}):
  

Rendering rescues/layout (not_found)


Processing AddressesController#index (for 127.0.0.1 at 2009-09-24 01:05:50) [GET]
  [4;36;1mAddress Load (1.1ms)[0m   [0;1mSELECT * FROM "addresses" [0m
Rendering template within layouts/addresses
Rendering addresses/index
Completed in 22ms (View: 3, DB: 1) | 200 OK [http://localhost/addresses]


Processing ApplicationController#index (for 127.0.0.1 at 2009-09-24 01:05:50) [GET]

ActionController::RoutingError (No route matches "/images/beachflag.png" with {:method=>:get}):
  

Rendering rescues/layout (not_found)


Processing ApplicationController#index (for 127.0.0.1 at 2009-09-24 01:05:51) [GET]

ActionController::RoutingError (No route matches "/images/beachflag_shadow.png" with {:method=>:get}):
  

Rendering rescues/layout (not_found)


Processing AddressesController#index (for 127.0.0.1 at 2009-09-24 01:06:08) [GET]
  [4;35;1mAddress Load (1.4ms)[0m   [0mSELECT * FROM "addresses" [0m
Rendering template within layouts/addresses
Rendering addresses/index
Completed in 29ms (View: 5, DB: 1) | 200 OK [http://localhost/addresses]


Processing ApplicationController#index (for 127.0.0.1 at 2009-09-24 01:06:08) [GET]

ActionController::RoutingError (No route matches "/images/beachflag.png" with {:method=>:get}):
  

Rendering rescues/layout (not_found)


Processing ApplicationController#index (for 127.0.0.1 at 2009-09-24 01:06:08) [GET]

ActionController::RoutingError (No route matches "/images/beachflag_shadow.png" with {:method=>:get}):
  

Rendering rescues/layout (not_found)


Processing AddressesController#index (for 127.0.0.1 at 2009-09-24 01:07:10) [GET]
  [4;36;1mAddress Load (1.6ms)[0m   [0;1mSELECT * FROM "addresses" [0m
Rendering template within layouts/addresses
Rendering addresses/index
Completed in 39ms (View: 18, DB: 2) | 200 OK [http://localhost/addresses]


Processing AddressesController#index (for 127.0.0.1 at 2009-09-24 01:07:40) [GET]
  [4;35;1mAddress Load (1.2ms)[0m   [0mSELECT * FROM "addresses" [0m
Rendering template within layouts/addresses
Rendering addresses/index
Completed in 37ms (View: 17, DB: 1) | 200 OK [http://localhost/addresses]


Processing AddressesController#index (for 127.0.0.1 at 2009-09-24 01:09:12) [GET]
  [4;36;1mAddress Load (1.0ms)[0m   [0;1mSELECT * FROM "addresses" [0m
Rendering template within layouts/addresses
Rendering addresses/index
Completed in 34ms (View: 15, DB: 1) | 200 OK [http://localhost/addresses]


Processing AddressesController#index (for 127.0.0.1 at 2009-09-24 01:10:47) [GET]
  [4;35;1mAddress Load (1.6ms)[0m   [0mSELECT * FROM "addresses" [0m
Rendering template within layouts/addresses
Rendering addresses/index
Completed in 47ms (View: 20, DB: 2) | 200 OK [http://localhost/addresses]


Processing AddressesController#index (for 127.0.0.1 at 2009-09-24 01:15:15) [GET]
  [4;36;1mAddress Load (1.5ms)[0m   [0;1mSELECT * FROM "addresses" [0m
Rendering template within layouts/addresses
Rendering addresses/index
Completed in 42ms (View: 15, DB: 1) | 200 OK [http://localhost/addresses]


Processing AddressesController#index (for 127.0.0.1 at 2009-09-24 01:16:52) [GET]
  [4;35;1mAddress Load (1.0ms)[0m   [0mSELECT * FROM "addresses" [0m
Rendering template within layouts/addresses
Rendering addresses/index
Completed in 22ms (View: 3, DB: 1) | 200 OK [http://localhost/addresses]


Processing AddressesController#index (for 127.0.0.1 at 2009-09-24 01:17:05) [GET]
  [4;36;1mAddress Load (1.2ms)[0m   [0;1mSELECT * FROM "addresses" [0m
Rendering template within layouts/addresses
Rendering addresses/index
Completed in 45ms (View: 22, DB: 1) | 200 OK [http://localhost/addresses]


Processing AddressesController#index (for 127.0.0.1 at 2009-09-24 01:18:46) [GET]
  [4;35;1mAddress Load (1.7ms)[0m   [0mSELECT * FROM "addresses" [0m
Rendering template within layouts/addresses
Rendering addresses/index
Completed in 42ms (View: 4, DB: 2) | 200 OK [http://localhost/addresses]


Processing AddressesController#index (for 127.0.0.1 at 2009-09-24 01:18:49) [GET]
  [4;36;1mAddress Load (1.5ms)[0m   [0;1mSELECT * FROM "addresses" [0m
Rendering template within layouts/addresses
Rendering addresses/index
Completed in 23ms (View: 3, DB: 1) | 200 OK [http://localhost/addresses]


Processing AddressesController#index (for 127.0.0.1 at 2009-09-24 01:19:23) [GET]
  [4;35;1mAddress Load (1.6ms)[0m   [0mSELECT * FROM "addresses" [0m
Rendering template within layouts/addresses
Rendering addresses/index
Completed in 30ms (View: 4, DB: 2) | 200 OK [http://localhost/addresses]


Processing AddressesController#index (for 127.0.0.1 at 2009-09-24 01:19:36) [GET]
  [4;36;1mAddress Load (1.4ms)[0m   [0;1mSELECT * FROM "addresses" [0m
Rendering template within layouts/addresses
Rendering addresses/index
Completed in 22ms (View: 3, DB: 1) | 200 OK [http://localhost/addresses]


Processing AddressesController#index (for 127.0.0.1 at 2009-09-24 01:24:34) [GET]
  [4;35;1mAddress Load (1.3ms)[0m   [0mSELECT * FROM "addresses" [0m
Rendering template within layouts/addresses
Rendering addresses/index
Completed in 57ms (View: 19, DB: 1) | 200 OK [http://localhost/addresses]


Processing AddressesController#index (for 127.0.0.1 at 2009-09-24 01:28:43) [GET]
  [4;36;1mAddress Load (1.3ms)[0m   [0;1mSELECT * FROM "addresses" [0m
Rendering template within layouts/addresses
Rendering addresses/index
Completed in 44ms (View: 18, DB: 1) | 200 OK [http://localhost/addresses]


Processing AddressesController#index (for 127.0.0.1 at 2009-09-24 01:29:03) [GET]
  [4;35;1mAddress Load (1.2ms)[0m   [0mSELECT * FROM "addresses" [0m
Rendering template within layouts/addresses
Rendering addresses/index
Completed in 40ms (View: 16, DB: 1) | 200 OK [http://localhost/addresses]


Processing AddressesController#new (for 127.0.0.1 at 2009-09-24 01:29:08) [GET]
Rendering template within layouts/addresses
Rendering addresses/new

ActionView::TemplateError (You have a nil object when you didn't expect it!
You might have expected an instance of Array.
The error occurred while evaluating nil.each) on line #26 of app/views/layouts/addresses.html.erb:
23: */
24: var houses = [
25: <% x = 1 %>
26: <% @addresses.each do |address| %>
27:   <%= ', ' if x > 1 %>[<%= address.full_address%>, <%= address.lat %>, <%= address.long %>, <%= x %>]
28:   <% x+=1 %>
29: <% end %>

    app/views/layouts/addresses.html.erb:26
    app/controllers/addresses_controller.rb:30:in `new'

Rendered rescues/_trace (190.0ms)
Rendered rescues/_request_and_response (0.8ms)
Rendering rescues/layout (internal_server_error)


Processing AddressesController#new (for 127.0.0.1 at 2009-09-24 01:29:40) [GET]
Rendering template within layouts/addresses
Rendering addresses/new
Completed in 69ms (View: 28, DB: 0) | 200 OK [http://localhost/addresses/new]


Processing AddressesController#create (for 127.0.0.1 at 2009-09-24 01:30:55) [POST]
  Parameters: {"address"=>{"city"=>"lexington", "zip"=>"40509", "stree_line_2"=>"", "street_line_1"=>"645 morgan hills drive", "lat"=>"38.022382", "long"=>"-84.4443", "state"=>"ky"}, "commit"=>"Create", "authenticity_token"=>"HIzGVcHyflVQZwMKZs5ME98MGjKzvYfm9s/sBnSLhu8="}
  [4;36;1mAddress Create (1.2ms)[0m   [0;1mINSERT INTO "addresses" ("city", "zip", "created_at", "stree_line_2", "updated_at", "street_line_1", "lat", "state", "long") VALUES('lexington', '40509', '2009-09-24 05:30:55', '', '2009-09-24 05:30:55', '645 morgan hills drive', '38.022382', 'ky', '-84.4443')[0m
Redirected to http://localhost:3000/addresses/1
Completed in 85ms (DB: 1) | 302 Found [http://localhost/addresses]


Processing AddressesController#show (for 127.0.0.1 at 2009-09-24 01:30:55) [GET]
  Parameters: {"id"=>"1"}
  [4;35;1mAddress Load (1.3ms)[0m   [0mSELECT * FROM "addresses" WHERE ("addresses"."id" = 1) [0m
Rendering template within layouts/addresses
Rendering addresses/show
Completed in 44ms (View: 20, DB: 1) | 200 OK [http://localhost/addresses/1]


Processing AddressesController#index (for 127.0.0.1 at 2009-09-24 01:31:07) [GET]
  [4;36;1mAddress Load (2.1ms)[0m   [0;1mSELECT * FROM "addresses" [0m
Rendering template within layouts/addresses
Rendering addresses/index

ActionView::TemplateError (undefined local variable or method `street_line_2' for #<Address:0xb7830768>) on line #27 of app/views/layouts/addresses.html.erb:
24: var houses = [
25: <% x = 1 %>
26: <% @addresses.each do |address| %>
27:   <%= ', ' if x > 1 %>[<%= address.full_address%>, <%= address.lat %>, <%= address.long %>, <%= x %>]
28:   <% x+=1 %>
29: <% end if !@addresses.nil? %>
30: ];

    app/models/address.rb:8:in `full_address'
    app/views/layouts/addresses.html.erb:27
    app/views/layouts/addresses.html.erb:26:in `each'
    app/views/layouts/addresses.html.erb:26
    app/controllers/addresses_controller.rb:8:in `index'

Rendered rescues/_trace (195.1ms)
Rendered rescues/_request_and_response (0.8ms)
Rendering rescues/layout (internal_server_error)


Processing AddressesController#index (for 127.0.0.1 at 2009-09-24 01:31:30) [GET]
  [4;35;1mAddress Load (2.5ms)[0m   [0mSELECT * FROM "addresses" [0m
Rendering template within layouts/addresses
Rendering addresses/index

ActionView::TemplateError (undefined local variable or method `address_line_1' for #<Address:0xb795c90c>) on line #27 of app/views/layouts/addresses.html.erb:
24: var houses = [
25: <% x = 1 %>
26: <% @addresses.each do |address| %>
27:   <%= ', ' if x > 1 %>[<%= address.full_address%>, <%= address.lat %>, <%= address.long %>, <%= x %>]
28:   <% x+=1 %>
29: <% end if !@addresses.nil? %>
30: ];

    app/models/address.rb:8:in `full_address'
    app/views/layouts/addresses.html.erb:27
    app/views/layouts/addresses.html.erb:26:in `each'
    app/views/layouts/addresses.html.erb:26
    app/controllers/addresses_controller.rb:8:in `index'

Rendered rescues/_trace (210.2ms)
Rendered rescues/_request_and_response (0.8ms)
Rendering rescues/layout (internal_server_error)


Processing AddressesController#index (for 127.0.0.1 at 2009-09-24 01:31:52) [GET]
  [4;36;1mAddress Load (2.8ms)[0m   [0;1mSELECT * FROM "addresses" [0m
Rendering template within layouts/addresses
Rendering addresses/index
Completed in 57ms (View: 30, DB: 3) | 200 OK [http://localhost/addresses]


Processing AddressesController#index (for 127.0.0.1 at 2009-09-24 01:32:03) [GET]
  [4;35;1mAddress Load (2.8ms)[0m   [0mSELECT * FROM "addresses" [0m
Rendering template within layouts/addresses
Rendering addresses/index
Completed in 57ms (View: 30, DB: 3) | 200 OK [http://localhost/addresses]


Processing AddressesController#index (for 127.0.0.1 at 2009-09-24 01:32:44) [GET]
  [4;36;1mAddress Load (2.5ms)[0m   [0;1mSELECT * FROM "addresses" [0m
Rendering template within layouts/addresses
Rendering addresses/index
Completed in 70ms (View: 44, DB: 2) | 200 OK [http://localhost/addresses]


Processing AddressesController#new (for 127.0.0.1 at 2009-09-24 01:33:42) [GET]
Rendering template within layouts/addresses
Rendering addresses/new
Completed in 52ms (View: 16, DB: 0) | 200 OK [http://localhost/addresses/new]


Processing AddressesController#create (for 127.0.0.1 at 2009-09-24 01:35:14) [POST]
  Parameters: {"address"=>{"city"=>"Lexington", "zip"=>"40508", "stree_line_2"=>"", "street_line_1"=>"385 s limestone", "lat"=>"38.041968", "long"=>"-84.503795", "state"=>"ky"}, "commit"=>"Create", "authenticity_token"=>"HIzGVcHyflVQZwMKZs5ME98MGjKzvYfm9s/sBnSLhu8="}
  [4;35;1mAddress Create (0.7ms)[0m   [0mINSERT INTO "addresses" ("city", "zip", "created_at", "stree_line_2", "updated_at", "street_line_1", "lat", "state", "long") VALUES('Lexington', '40508', '2009-09-24 05:35:14', '', '2009-09-24 05:35:14', '385 s limestone', '38.041968', 'ky', '-84.503795')[0m
Redirected to http://localhost:3000/addresses/2
Completed in 43ms (DB: 1) | 302 Found [http://localhost/addresses]


Processing AddressesController#show (for 127.0.0.1 at 2009-09-24 01:35:14) [GET]
  Parameters: {"id"=>"2"}
  [4;36;1mAddress Load (2.1ms)[0m   [0;1mSELECT * FROM "addresses" WHERE ("addresses"."id" = 2) [0m
Rendering template within layouts/addresses
Rendering addresses/show
Completed in 35ms (View: 9, DB: 2) | 200 OK [http://localhost/addresses/2]


Processing AddressesController#index (for 127.0.0.1 at 2009-09-24 01:35:22) [GET]
  [4;35;1mAddress Load (2.3ms)[0m   [0mSELECT * FROM "addresses" [0m
Rendering template within layouts/addresses
Rendering addresses/index
Completed in 161ms (View: 25, DB: 2) | 200 OK [http://localhost/addresses]


Processing AddressesController#new (for 127.0.0.1 at 2009-09-24 01:35:55) [GET]
Rendering template within layouts/addresses
Rendering addresses/new
Completed in 58ms (View: 19, DB: 0) | 200 OK [http://localhost/addresses/new]


Processing AddressesController#create (for 127.0.0.1 at 2009-09-24 01:36:13) [POST]
  Parameters: {"address"=>{"city"=>"", "zip"=>"", "stree_line_2"=>"", "street_line_1"=>"", "lat"=>"38.032382", "long"=>"-84.4443", "state"=>""}, "commit"=>"Create", "authenticity_token"=>"HIzGVcHyflVQZwMKZs5ME98MGjKzvYfm9s/sBnSLhu8="}
  [4;36;1mAddress Create (0.8ms)[0m   [0;1mINSERT INTO "addresses" ("city", "zip", "created_at", "stree_line_2", "updated_at", "street_line_1", "lat", "state", "long") VALUES('', '', '2009-09-24 05:36:13', '', '2009-09-24 05:36:13', '', '38.032382', '', '-84.4443')[0m
Redirected to http://localhost:3000/addresses/3
Completed in 58ms (DB: 1) | 302 Found [http://localhost/addresses]


Processing AddressesController#show (for 127.0.0.1 at 2009-09-24 01:36:13) [GET]
  Parameters: {"id"=>"3"}
  [4;35;1mAddress Load (2.0ms)[0m   [0mSELECT * FROM "addresses" WHERE ("addresses"."id" = 3) [0m
Rendering template within layouts/addresses
Rendering addresses/show
Completed in 38ms (View: 10, DB: 2) | 200 OK [http://localhost/addresses/3]


Processing AddressesController#index (for 127.0.0.1 at 2009-09-24 01:36:19) [GET]
  [4;36;1mAddress Load (2.7ms)[0m   [0;1mSELECT * FROM "addresses" [0m
Rendering template within layouts/addresses
Rendering addresses/index
Completed in 47ms (View: 27, DB: 3) | 200 OK [http://localhost/addresses]


Processing AddressesController#index (for 127.0.0.1 at 2009-09-24 01:37:19) [GET]
  [4;35;1mAddress Load (4.0ms)[0m   [0mSELECT * FROM "addresses" [0m
Rendering template within layouts/addresses
Rendering addresses/index
Completed in 81ms (View: 52, DB: 4) | 200 OK [http://localhost/addresses]


Processing AddressesController#index (for 127.0.0.1 at 2009-09-24 01:37:55) [GET]
  [4;36;1mAddress Load (4.1ms)[0m   [0;1mSELECT * FROM "addresses" [0m
Rendering template within layouts/addresses
Rendering addresses/index
Completed in 77ms (View: 48, DB: 4) | 200 OK [http://localhost/addresses]


Processing AddressesController#index (for 127.0.0.1 at 2009-09-24 01:38:53) [GET]
  [4;35;1mAddress Load (4.2ms)[0m   [0mSELECT * FROM "addresses" [0m
Rendering template within layouts/addresses
Rendering addresses/index
Completed in 93ms (View: 64, DB: 4) | 200 OK [http://localhost/addresses]


Processing AddressesController#new (for 127.0.0.1 at 2009-09-24 01:38:58) [GET]
Rendering template within layouts/addresses
Rendering addresses/new
Completed in 40ms (View: 17, DB: 0) | 200 OK [http://localhost/addresses/new]


Processing AddressesController#create (for 127.0.0.1 at 2009-09-24 01:39:08) [POST]
  Parameters: {"address"=>{"city"=>"", "zip"=>"", "stree_line_2"=>"", "street_line_1"=>"", "lat"=>"38.032382", "long"=>"-84.503795", "state"=>""}, "commit"=>"Create", "authenticity_token"=>"HIzGVcHyflVQZwMKZs5ME98MGjKzvYfm9s/sBnSLhu8="}
  [4;36;1mAddress Create (1.1ms)[0m   [0;1mINSERT INTO "addresses" ("city", "zip", "created_at", "stree_line_2", "updated_at", "street_line_1", "lat", "state", "long") VALUES('', '', '2009-09-24 05:39:08', '', '2009-09-24 05:39:08', '', '38.032382', '', '-84.503795')[0m
Redirected to http://localhost:3000/addresses/4
Completed in 57ms (DB: 1) | 302 Found [http://localhost/addresses]


Processing AddressesController#show (for 127.0.0.1 at 2009-09-24 01:39:08) [GET]
  Parameters: {"id"=>"4"}
  [4;35;1mAddress Load (1.3ms)[0m   [0mSELECT * FROM "addresses" WHERE ("addresses"."id" = 4) [0m
Rendering template within layouts/addresses
Rendering addresses/show
Completed in 37ms (View: 9, DB: 1) | 200 OK [http://localhost/addresses/4]


Processing AddressesController#index (for 127.0.0.1 at 2009-09-24 01:39:11) [GET]
  [4;36;1mAddress Load (3.9ms)[0m   [0;1mSELECT * FROM "addresses" [0m
Rendering template within layouts/addresses
Rendering addresses/index
Completed in 54ms (View: 30, DB: 4) | 200 OK [http://localhost/addresses]


Processing AddressesController#index (for 127.0.0.1 at 2009-09-24 01:39:32) [GET]
  [4;35;1mAddress Load (5.3ms)[0m   [0mSELECT * FROM "addresses" [0m
Rendering template within layouts/addresses
Rendering addresses/index
Completed in 81ms (View: 49, DB: 5) | 200 OK [http://localhost/addresses]


Processing AddressesController#index (for 127.0.0.1 at 2009-09-24 01:40:07) [GET]
  [4;36;1mAddress Load (4.7ms)[0m   [0;1mSELECT * FROM "addresses" [0m
Rendering template within layouts/addresses
Rendering addresses/index
Completed in 63ms (View: 35, DB: 5) | 200 OK [http://localhost/addresses]


Processing AddressesController#index (for 127.0.0.1 at 2009-09-24 01:43:56) [GET]
  [4;35;1mAddress Load (4.8ms)[0m   [0mSELECT * FROM "addresses" [0m
Rendering template within layouts/addresses
Rendering addresses/index

ActionView::TemplateError (undefined local variable or method `street_line_2' for #<Address:0xb6146458>) on line #27 of app/views/layouts/addresses.html.erb:
24: var houses = [
25: <% x = 1 %>
26: <% @addresses.each do |address| %>
27:   <%= ', ' if x > 1 %>['<%= address.full_address%>', <%= address.lat %>, <%= address.long %>, <%= x %>]
28:   <% x+=1 %>
29: <% end if !@addresses.nil? %>
30: ];

    app/models/address.rb:8:in `full_address'
    app/views/layouts/addresses.html.erb:27
    app/views/layouts/addresses.html.erb:26:in `each'
    app/views/layouts/addresses.html.erb:26
    app/controllers/addresses_controller.rb:8:in `index'

Rendered rescues/_trace (192.8ms)
Rendered rescues/_request_and_response (1.1ms)
Rendering rescues/layout (internal_server_error)


Processing AddressesController#index (for 127.0.0.1 at 2009-09-24 01:44:27) [GET]
  [4;36;1mAddress Load (5.1ms)[0m   [0;1mSELECT * FROM "addresses" [0m
Rendering template within layouts/addresses
Rendering addresses/index
Completed in 73ms (View: 42, DB: 5) | 200 OK [http://localhost/addresses]


Processing AddressesController#index (for 127.0.0.1 at 2009-09-24 01:45:24) [GET]
  [4;35;1mAddress Load (4.0ms)[0m   [0mSELECT * FROM "addresses" [0m
Rendering template within layouts/addresses
Rendering addresses/index
Completed in 149ms (View: 28, DB: 4) | 200 OK [http://localhost/addresses]


Processing AddressesController#destroy (for 127.0.0.1 at 2009-09-24 01:47:51) [DELETE]
  Parameters: {"authenticity_token"=>"HIzGVcHyflVQZwMKZs5ME98MGjKzvYfm9s/sBnSLhu8=", "id"=>"1"}
  [4;36;1mAddress Load (1.9ms)[0m   [0;1mSELECT * FROM "addresses" WHERE ("addresses"."id" = 1) [0m
  [4;35;1mAddress Destroy (0.9ms)[0m   [0mDELETE FROM "addresses" WHERE "id" = 1[0m
Redirected to http://localhost:3000/addresses
Completed in 56ms (DB: 3) | 302 Found [http://localhost/addresses/1]


Processing AddressesController#index (for 127.0.0.1 at 2009-09-24 01:47:51) [GET]
  [4;36;1mAddress Load (5.0ms)[0m   [0;1mSELECT * FROM "addresses" [0m
Rendering template within layouts/addresses
Rendering addresses/index
Completed in 67ms (View: 33, DB: 5) | 200 OK [http://localhost/addresses]


Processing AddressesController#new (for 127.0.0.1 at 2009-09-24 01:47:55) [GET]
Rendering template within layouts/addresses
Rendering addresses/new
Completed in 52ms (View: 20, DB: 0) | 200 OK [http://localhost/addresses/new]


Processing AddressesController#create (for 127.0.0.1 at 2009-09-24 01:48:06) [POST]
  Parameters: {"address"=>{"city"=>"Lexington", "zip"=>"40509", "stree_line_2"=>"", "street_line_1"=>"645 morgan hills drive", "lat"=>"", "long"=>"", "state"=>"KY"}, "commit"=>"Create", "authenticity_token"=>"HIzGVcHyflVQZwMKZs5ME98MGjKzvYfm9s/sBnSLhu8="}

NoMethodError (undefined method `long' for #<Geokit::GeoLoc:0xb60c4c64>):
  app/models/address.rb:18:in `find_lat_long'
  app/controllers/addresses_controller.rb:47:in `create'
  app/controllers/addresses_controller.rb:46:in `create'

Rendered rescues/_trace (200.3ms)
Rendered rescues/_request_and_response (1.3ms)
Rendering rescues/layout (internal_server_error)


Processing AddressesController#create (for 127.0.0.1 at 2009-09-24 01:48:26) [POST]
  Parameters: {"address"=>{"city"=>"Lexington", "zip"=>"40509", "stree_line_2"=>"", "street_line_1"=>"645 morgan hills drive", "lat"=>"", "long"=>"", "state"=>"KY"}, "commit"=>"Create", "authenticity_token"=>"HIzGVcHyflVQZwMKZs5ME98MGjKzvYfm9s/sBnSLhu8="}
  [4;35;1mAddress Create (1.0ms)[0m   [0mINSERT INTO "addresses" ("city", "zip", "created_at", "stree_line_2", "updated_at", "street_line_1", "lat", "state", "long") VALUES('Lexington', '40509', '2009-09-24 05:48:27', '', '2009-09-24 05:48:27', '645 morgan hills drive', '', 'KY', '')[0m
Redirected to http://localhost:3000/addresses/5
Completed in 590ms (DB: 1) | 302 Found [http://localhost/addresses]


Processing AddressesController#show (for 127.0.0.1 at 2009-09-24 01:48:27) [GET]
  Parameters: {"id"=>"5"}
  [4;36;1mAddress Load (1.3ms)[0m   [0;1mSELECT * FROM "addresses" WHERE ("addresses"."id" = 5) [0m
Rendering template within layouts/addresses
Rendering addresses/show
Completed in 43ms (View: 9, DB: 1) | 200 OK [http://localhost/addresses/5]


Processing AddressesController#index (for 127.0.0.1 at 2009-09-24 01:48:48) [GET]
  [4;35;1mAddress Load (3.8ms)[0m   [0mSELECT * FROM "addresses" [0m
Rendering template within layouts/addresses
Rendering addresses/index
Completed in 62ms (View: 33, DB: 4) | 200 OK [http://localhost/addresses]


Processing AddressesController#destroy (for 127.0.0.1 at 2009-09-24 01:48:56) [DELETE]
  Parameters: {"authenticity_token"=>"HIzGVcHyflVQZwMKZs5ME98MGjKzvYfm9s/sBnSLhu8=", "id"=>"5"}
  [4;36;1mAddress Load (1.9ms)[0m   [0;1mSELECT * FROM "addresses" WHERE ("addresses"."id" = 5) [0m
  [4;35;1mAddress Destroy (0.8ms)[0m   [0mDELETE FROM "addresses" WHERE "id" = 5[0m
Redirected to http://localhost:3000/addresses
Completed in 57ms (DB: 3) | 302 Found [http://localhost/addresses/5]


Processing AddressesController#index (for 127.0.0.1 at 2009-09-24 01:48:56) [GET]
  [4;36;1mAddress Load (4.2ms)[0m   [0;1mSELECT * FROM "addresses" [0m
Rendering template within layouts/addresses
Rendering addresses/index
Completed in 66ms (View: 33, DB: 4) | 200 OK [http://localhost/addresses]


Processing AddressesController#new (for 127.0.0.1 at 2009-09-24 01:49:00) [GET]
Rendering template within layouts/addresses
Rendering addresses/new
Completed in 51ms (View: 20, DB: 0) | 200 OK [http://localhost/addresses/new]


Processing AddressesController#create (for 127.0.0.1 at 2009-09-24 01:49:10) [POST]
  Parameters: {"address"=>{"city"=>"Lexington", "zip"=>"40509", "stree_line_2"=>"", "street_line_1"=>"645 morgan hills drive", "lat"=>"", "long"=>"", "state"=>"KY"}, "commit"=>"Create", "authenticity_token"=>"HIzGVcHyflVQZwMKZs5ME98MGjKzvYfm9s/sBnSLhu8="}
  [4;35;1mAddress Create (0.7ms)[0m   [0mINSERT INTO "addresses" ("city", "zip", "created_at", "stree_line_2", "updated_at", "street_line_1", "lat", "state", "long") VALUES('Lexington', '40509', '2009-09-24 05:49:10', '', '2009-09-24 05:49:10', '645 morgan hills drive', 38.022382, 'KY', -84.4443)[0m
Redirected to http://localhost:3000/addresses/6
Completed in 557ms (DB: 1) | 302 Found [http://localhost/addresses]


Processing AddressesController#show (for 127.0.0.1 at 2009-09-24 01:49:10) [GET]
  Parameters: {"id"=>"6"}
  [4;36;1mAddress Load (1.2ms)[0m   [0;1mSELECT * FROM "addresses" WHERE ("addresses"."id" = 6) [0m
Rendering template within layouts/addresses
Rendering addresses/show
Completed in 43ms (View: 10, DB: 1) | 200 OK [http://localhost/addresses/6]


Processing AddressesController#index (for 127.0.0.1 at 2009-09-24 01:49:15) [GET]
  [4;35;1mAddress Load (3.3ms)[0m   [0mSELECT * FROM "addresses" [0m
Rendering template within layouts/addresses
Rendering addresses/index
Completed in 61ms (View: 32, DB: 3) | 200 OK [http://localhost/addresses]


Processing AddressesController#destroy (for 127.0.0.1 at 2009-09-24 01:49:26) [DELETE]
  Parameters: {"authenticity_token"=>"HIzGVcHyflVQZwMKZs5ME98MGjKzvYfm9s/sBnSLhu8=", "id"=>"2"}
  [4;36;1mAddress Load (2.6ms)[0m   [0;1mSELECT * FROM "addresses" WHERE ("addresses"."id" = 2) [0m
  [4;35;1mAddress Destroy (3.1ms)[0m   [0mDELETE FROM "addresses" WHERE "id" = 2[0m
Redirected to http://localhost:3000/addresses
Completed in 183ms (DB: 6) | 302 Found [http://localhost/addresses/2]


Processing AddressesController#index (for 127.0.0.1 at 2009-09-24 01:49:26) [GET]
  [4;36;1mAddress Load (3.6ms)[0m   [0;1mSELECT * FROM "addresses" [0m
Rendering template within layouts/addresses
Rendering addresses/index
Completed in 67ms (View: 34, DB: 4) | 200 OK [http://localhost/addresses]


Processing AddressesController#destroy (for 127.0.0.1 at 2009-09-24 01:49:32) [DELETE]
  Parameters: {"authenticity_token"=>"HIzGVcHyflVQZwMKZs5ME98MGjKzvYfm9s/sBnSLhu8=", "id"=>"3"}
  [4;35;1mAddress Load (2.0ms)[0m   [0mSELECT * FROM "addresses" WHERE ("addresses"."id" = 3) [0m
  [4;36;1mAddress Destroy (0.7ms)[0m   [0;1mDELETE FROM "addresses" WHERE "id" = 3[0m
Redirected to http://localhost:3000/addresses
Completed in 82ms (DB: 3) | 302 Found [http://localhost/addresses/3]


Processing AddressesController#index (for 127.0.0.1 at 2009-09-24 01:49:32) [GET]
  [4;35;1mAddress Load (3.5ms)[0m   [0mSELECT * FROM "addresses" [0m
Rendering template within layouts/addresses
Rendering addresses/index
Completed in 68ms (View: 28, DB: 3) | 200 OK [http://localhost/addresses]


Processing AddressesController#destroy (for 127.0.0.1 at 2009-09-24 01:49:37) [DELETE]
  Parameters: {"authenticity_token"=>"HIzGVcHyflVQZwMKZs5ME98MGjKzvYfm9s/sBnSLhu8=", "id"=>"4"}
  [4;36;1mAddress Load (2.0ms)[0m   [0;1mSELECT * FROM "addresses" WHERE ("addresses"."id" = 4) [0m
  [4;35;1mAddress Destroy (0.7ms)[0m   [0mDELETE FROM "addresses" WHERE "id" = 4[0m
Redirected to http://localhost:3000/addresses
Completed in 52ms (DB: 3) | 302 Found [http://localhost/addresses/4]


Processing AddressesController#index (for 127.0.0.1 at 2009-09-24 01:49:37) [GET]
  [4;36;1mAddress Load (2.5ms)[0m   [0;1mSELECT * FROM "addresses" [0m
Rendering template within layouts/addresses
Rendering addresses/index
Completed in 86ms (View: 26, DB: 2) | 200 OK [http://localhost/addresses]


Processing AddressesController#new (for 127.0.0.1 at 2009-09-24 01:50:01) [GET]
Rendering template within layouts/addresses
Rendering addresses/new
Completed in 104ms (View: 53, DB: 0) | 200 OK [http://localhost/addresses/new]


Processing AddressesController#create (for 127.0.0.1 at 2009-09-24 01:50:10) [POST]
  Parameters: {"address"=>{"city"=>"Lexington", "zip"=>"", "stree_line_2"=>"", "street_line_1"=>" 3601 FOX FUN ROAD", "lat"=>"", "long"=>"", "state"=>"KY"}, "commit"=>"Create", "authenticity_token"=>"HIzGVcHyflVQZwMKZs5ME98MGjKzvYfm9s/sBnSLhu8="}
  [4;35;1mAddress Create (0.8ms)[0m   [0mINSERT INTO "addresses" ("city", "zip", "created_at", "stree_line_2", "updated_at", "street_line_1", "lat", "state", "long") VALUES('Lexington', '', '2009-09-24 05:50:11', '', '2009-09-24 05:50:11', ' 3601 FOX FUN ROAD', 37.972443, 'KY', -84.488779)[0m
Redirected to http://localhost:3000/addresses/7
Completed in 560ms (DB: 1) | 302 Found [http://localhost/addresses]


Processing AddressesController#show (for 127.0.0.1 at 2009-09-24 01:50:11) [GET]
  Parameters: {"id"=>"7"}
  [4;36;1mAddress Load (1.3ms)[0m   [0;1mSELECT * FROM "addresses" WHERE ("addresses"."id" = 7) [0m
Rendering template within layouts/addresses
Rendering addresses/show
Completed in 44ms (View: 12, DB: 1) | 200 OK [http://localhost/addresses/7]


Processing AddressesController#index (for 127.0.0.1 at 2009-09-24 01:50:17) [GET]
  [4;35;1mAddress Load (2.4ms)[0m   [0mSELECT * FROM "addresses" [0m
Rendering template within layouts/addresses
Rendering addresses/index
Completed in 66ms (View: 25, DB: 2) | 200 OK [http://localhost/addresses]
